[debug] [2018-12-19T19:47:08.702Z] ----------------------------------------------------------------------
[debug] [2018-12-19T19:47:08.704Z] Command:       /usr/local/bin/node /usr/local/bin/firebase serve --only hosting
[debug] [2018-12-19T19:47:08.705Z] CLI Version:   6.1.2
[debug] [2018-12-19T19:47:08.705Z] Platform:      darwin
[debug] [2018-12-19T19:47:08.705Z] Node Version:  v8.9.0
[debug] [2018-12-19T19:47:08.705Z] Time:          Wed Dec 19 2018 22:47:08 GMT+0300 (+03)
[debug] [2018-12-19T19:47:08.705Z] ----------------------------------------------------------------------
[debug] 
[debug] [2018-12-19T19:47:08.713Z] > command requires scopes: ["email","openid","https://www.googleapis.com/auth/cloudplatformprojects.readonly","https://www.googleapis.com/auth/firebase","https://www.googleapis.com/auth/cloud-platform"]
[debug] [2018-12-19T19:47:08.713Z] > authorizing via signed-in user
[debug] [2018-12-19T19:47:08.713Z] [iam] checking project friendlyeats-5427e for permissions ["firebase.projects.get"]
[debug] [2018-12-19T19:47:08.715Z] >>> HTTP REQUEST POST https://cloudresourcemanager.googleapis.com/v1/projects/friendlyeats-5427e:testIamPermissions  

[debug] [2018-12-19T19:47:09.881Z] <<< HTTP RESPONSE 200
[debug] [2018-12-19T19:47:09.882Z] >>> HTTP REQUEST GET https://cloudresourcemanager.googleapis.com/v1/projects/friendlyeats-5427e  
 
[debug] [2018-12-19T19:47:10.801Z] <<< HTTP RESPONSE 200
[info] 
[info] === Serving from '/Users/mohammedbamhraz/exg/FriendlyEats-firebase-project'...
[info] 
[debug] [2018-12-19T19:47:10.804Z] >>> HTTP REQUEST GET https://mobilesdk-pa.googleapis.com/v1/projects/682480261515/clients/_:getWebAppConfig  
 
[debug] [2018-12-19T19:47:11.995Z] <<< HTTP RESPONSE 200
[info] i  hosting: Serving hosting files from: ./
[info] ✔  hosting: Local server: http://localhost:5000
